[2023-05-22 04:43:59] 60104 list
[2023-05-22 04:44:14] 60122 help
[2023-05-22 04:44:40] 60104 quit
[2023-05-22 04:44:49] 60136 list
[2023-05-22 04:45:20] 60122 clear
[2023-05-22 04:45:23] 60122 help
[2023-05-22 04:45:50] 60122 list
[2023-05-22 04:46:08] 60122 readF test1
[2023-05-22 04:46:34] 60122 writeT test1 1 ilk satir
[2023-05-22 04:46:43] 60122 readF test1
[2023-05-22 04:47:18] 60122 writeT test1 son satir
[2023-05-22 04:47:25] 60122 readF test1
[2023-05-22 04:47:39] 60122 readF test1 1
[2023-05-22 04:47:49] 60122 help
[2023-05-22 04:47:58] 60122 list
[2023-05-22 04:48:29] 60122 upload test1
[2023-05-22 04:50:06] 60136 lis
[2023-05-22 04:50:06] 60136 quit
[2023-05-22 04:50:13] 60457 list
[2023-05-22 04:50:41] 60457 download test1
[2023-05-22 04:51:24] 60457 upload test1
